<?xml version="1.0" encoding="UTF-8"?>
<testsuite xmlns:xsi="http://www.w3.org/2001/XMLSchema-instance" xsi:noNamespaceSchemaLocation="https://maven.apache.org/surefire/maven-surefire-plugin/xsd/surefire-test-report.xsd" name="cn.edu.sdut.Hbase.AppTest" time="0.058" tests="1" errors="0" skipped="0" failures="0">
  <properties>
    <property name="user.variant" value=""/>
    <property name="java.vm.info" value="mixed mode"/>
    <property name="file.encoding.pkg" value="sun.io"/>
    <property name="file.encoding" value="GBK"/>
    <property name="java.specification.name" value="Java Platform API Specification"/>
    <property name="sun.os.patch.level" value=""/>
    <property name="user.dir" value="F:\eclipse-workspace\Hbase"/>
    <property name="line.separator" value="&#10;"/>
    <property name="java.home" value="E:\software\java\jre7"/>
    <property name="user.name" value="Ming"/>
    <property name="sun.boot.library.path" value="E:\software\java\jre7\bin"/>
    <property name="user.home" value="C:\Users\Ming"/>
    <property name="localRepository" value="E:\software\maven-repository"/>
    <property name="sun.java.launcher" value="SUN_STANDARD"/>
    <property name="java.class.version" value="51.0"/>
    <property name="user.language" value="zh"/>
    <property name="java.vendor.url.bug" value="http://bugreport.sun.com/bugreport/"/>
    <property name="sun.jnu.encoding" value="GBK"/>
    <property name="java.io.tmpdir" value="C:\Users\Ming\AppData\Local\Temp\"/>
    <property name="java.specification.vendor" value="Oracle Corporation"/>
    <property name="file.separator" value="\"/>
    <property name="java.class.path" value="F:\eclipse-workspace\Hbase\target\test-classes;F:\eclipse-workspace\Hbase\target\classes;E:\software\maven-repository\junit\junit\4.11\junit-4.11.jar;E:\software\maven-repository\org\hamcrest\hamcrest-core\1.3\hamcrest-core-1.3.jar;E:\software\maven-repository\org\apache\hbase\hbase-server\1.3.1\hbase-server-1.3.1.jar;E:\software\maven-repository\org\apache\hbase\hbase-common\1.3.1\hbase-common-1.3.1.jar;E:\software\maven-repository\com\github\stephenc\findbugs\findbugs-annotations\1.3.9-1\findbugs-annotations-1.3.9-1.jar;E:\software\maven-repository\org\apache\hbase\hbase-protocol\1.3.1\hbase-protocol-1.3.1.jar;E:\software\maven-repository\org\apache\hbase\hbase-procedure\1.3.1\hbase-procedure-1.3.1.jar;E:\software\maven-repository\org\apache\hbase\hbase-common\1.3.1\hbase-common-1.3.1-tests.jar;E:\software\maven-repository\org\apache\hbase\hbase-prefix-tree\1.3.1\hbase-prefix-tree-1.3.1.jar;E:\software\maven-repository\commons-httpclient\commons-httpclient\3.1\commons-httpclient-3.1.jar;E:\software\maven-repository\commons-codec\commons-codec\1.9\commons-codec-1.9.jar;E:\software\maven-repository\commons-collections\commons-collections\3.2.2\commons-collections-3.2.2.jar;E:\software\maven-repository\org\apache\hbase\hbase-hadoop-compat\1.3.1\hbase-hadoop-compat-1.3.1.jar;E:\software\maven-repository\org\apache\hbase\hbase-hadoop2-compat\1.3.1\hbase-hadoop2-compat-1.3.1.jar;E:\software\maven-repository\com\yammer\metrics\metrics-core\2.2.0\metrics-core-2.2.0.jar;E:\software\maven-repository\org\slf4j\slf4j-api\1.7.2\slf4j-api-1.7.2.jar;E:\software\maven-repository\com\google\guava\guava\12.0.1\guava-12.0.1.jar;E:\software\maven-repository\com\google\protobuf\protobuf-java\2.5.0\protobuf-java-2.5.0.jar;E:\software\maven-repository\com\sun\jersey\jersey-core\1.9\jersey-core-1.9.jar;E:\software\maven-repository\com\sun\jersey\jersey-server\1.9\jersey-server-1.9.jar;E:\software\maven-repository\asm\asm\3.1\asm-3.1.jar;E:\software\maven-repository\commons-cli\commons-cli\1.2\commons-cli-1.2.jar;E:\software\maven-repository\commons-io\commons-io\2.4\commons-io-2.4.jar;E:\software\maven-repository\commons-lang\commons-lang\2.6\commons-lang-2.6.jar;E:\software\maven-repository\commons-logging\commons-logging\1.2\commons-logging-1.2.jar;E:\software\maven-repository\org\apache\commons\commons-math\2.2\commons-math-2.2.jar;E:\software\maven-repository\log4j\log4j\1.2.17\log4j-1.2.17.jar;E:\software\maven-repository\org\apache\zookeeper\zookeeper\3.4.6\zookeeper-3.4.6.jar;E:\software\maven-repository\org\slf4j\slf4j-log4j12\1.6.1\slf4j-log4j12-1.6.1.jar;E:\software\maven-repository\org\mortbay\jetty\jetty\6.1.26\jetty-6.1.26.jar;E:\software\maven-repository\org\mortbay\jetty\jetty-util\6.1.26\jetty-util-6.1.26.jar;E:\software\maven-repository\org\mortbay\jetty\jetty-sslengine\6.1.26\jetty-sslengine-6.1.26.jar;E:\software\maven-repository\org\mortbay\jetty\jsp-2.1\6.1.14\jsp-2.1-6.1.14.jar;E:\software\maven-repository\org\mortbay\jetty\jsp-api-2.1\6.1.14\jsp-api-2.1-6.1.14.jar;E:\software\maven-repository\org\mortbay\jetty\servlet-api-2.5\6.1.14\servlet-api-2.5-6.1.14.jar;E:\software\maven-repository\org\codehaus\jackson\jackson-core-asl\1.9.13\jackson-core-asl-1.9.13.jar;E:\software\maven-repository\org\codehaus\jackson\jackson-mapper-asl\1.9.13\jackson-mapper-asl-1.9.13.jar;E:\software\maven-repository\org\codehaus\jackson\jackson-jaxrs\1.9.13\jackson-jaxrs-1.9.13.jar;E:\software\maven-repository\tomcat\jasper-compiler\5.5.23\jasper-compiler-5.5.23.jar;E:\software\maven-repository\tomcat\jasper-runtime\5.5.23\jasper-runtime-5.5.23.jar;E:\software\maven-repository\commons-el\commons-el\1.0\commons-el-1.0.jar;E:\software\maven-repository\org\jamon\jamon-runtime\2.4.1\jamon-runtime-2.4.1.jar;E:\software\maven-repository\io\netty\netty-all\4.0.23.Final\netty-all-4.0.23.Final.jar;E:\software\maven-repository\org\apache\htrace\htrace-core\3.1.0-incubating\htrace-core-3.1.0-incubating.jar;E:\software\maven-repository\com\lmax\disruptor\3.3.0\disruptor-3.3.0.jar;E:\software\maven-repository\org\apache\hadoop\hadoop-common\2.5.1\hadoop-common-2.5.1.jar;E:\software\maven-repository\org\apache\hadoop\hadoop-annotations\2.5.1\hadoop-annotations-2.5.1.jar;E:\software\maven-repository\org\apache\commons\commons-math3\3.1.1\commons-math3-3.1.1.jar;E:\software\maven-repository\xmlenc\xmlenc\0.52\xmlenc-0.52.jar;E:\software\maven-repository\commons-net\commons-net\3.1\commons-net-3.1.jar;E:\software\maven-repository\com\sun\jersey\jersey-json\1.9\jersey-json-1.9.jar;E:\software\maven-repository\org\codehaus\jettison\jettison\1.1\jettison-1.1.jar;E:\software\maven-repository\com\sun\xml\bind\jaxb-impl\2.2.3-1\jaxb-impl-2.2.3-1.jar;E:\software\maven-repository\org\codehaus\jackson\jackson-xc\1.8.3\jackson-xc-1.8.3.jar;E:\software\maven-repository\net\java\dev\jets3t\jets3t\0.9.0\jets3t-0.9.0.jar;E:\software\maven-repository\org\apache\httpcomponents\httpcore\4.1.2\httpcore-4.1.2.jar;E:\software\maven-repository\com\jamesmurty\utils\java-xmlbuilder\0.4\java-xmlbuilder-0.4.jar;E:\software\maven-repository\commons-configuration\commons-configuration\1.6\commons-configuration-1.6.jar;E:\software\maven-repository\commons-digester\commons-digester\1.8\commons-digester-1.8.jar;E:\software\maven-repository\commons-beanutils\commons-beanutils\1.7.0\commons-beanutils-1.7.0.jar;E:\software\maven-repository\commons-beanutils\commons-beanutils-core\1.8.0\commons-beanutils-core-1.8.0.jar;E:\software\maven-repository\org\apache\avro\avro\1.7.4\avro-1.7.4.jar;E:\software\maven-repository\com\thoughtworks\paranamer\paranamer\2.3\paranamer-2.3.jar;E:\software\maven-repository\org\xerial\snappy\snappy-java\1.0.4.1\snappy-java-1.0.4.1.jar;E:\software\maven-repository\com\jcraft\jsch\0.1.42\jsch-0.1.42.jar;E:\software\maven-repository\org\apache\commons\commons-compress\1.4.1\commons-compress-1.4.1.jar;E:\software\maven-repository\org\tukaani\xz\1.0\xz-1.0.jar;E:\software\maven-repository\org\apache\hadoop\hadoop-auth\2.5.1\hadoop-auth-2.5.1.jar;E:\software\maven-repository\org\apache\httpcomponents\httpclient\4.2.5\httpclient-4.2.5.jar;E:\software\maven-repository\org\apache\directory\server\apacheds-kerberos-codec\2.0.0-M15\apacheds-kerberos-codec-2.0.0-M15.jar;E:\software\maven-repository\org\apache\directory\server\apacheds-i18n\2.0.0-M15\apacheds-i18n-2.0.0-M15.jar;E:\software\maven-repository\org\apache\directory\api\api-asn1-api\1.0.0-M20\api-asn1-api-1.0.0-M20.jar;E:\software\maven-repository\org\apache\directory\api\api-util\1.0.0-M20\api-util-1.0.0-M20.jar;E:\software\maven-repository\org\apache\hadoop\hadoop-client\2.5.1\hadoop-client-2.5.1.jar;E:\software\maven-repository\org\apache\hadoop\hadoop-mapreduce-client-app\2.5.1\hadoop-mapreduce-client-app-2.5.1.jar;E:\software\maven-repository\org\apache\hadoop\hadoop-mapreduce-client-common\2.5.1\hadoop-mapreduce-client-common-2.5.1.jar;E:\software\maven-repository\org\apache\hadoop\hadoop-yarn-client\2.5.1\hadoop-yarn-client-2.5.1.jar;E:\software\maven-repository\com\sun\jersey\jersey-client\1.9\jersey-client-1.9.jar;E:\software\maven-repository\org\apache\hadoop\hadoop-yarn-server-common\2.5.1\hadoop-yarn-server-common-2.5.1.jar;E:\software\maven-repository\org\apache\hadoop\hadoop-mapreduce-client-shuffle\2.5.1\hadoop-mapreduce-client-shuffle-2.5.1.jar;E:\software\maven-repository\org\fusesource\leveldbjni\leveldbjni-all\1.8\leveldbjni-all-1.8.jar;E:\software\maven-repository\org\apache\hadoop\hadoop-yarn-api\2.5.1\hadoop-yarn-api-2.5.1.jar;E:\software\maven-repository\org\apache\hadoop\hadoop-mapreduce-client-jobclient\2.5.1\hadoop-mapreduce-client-jobclient-2.5.1.jar;E:\software\maven-repository\org\apache\hadoop\hadoop-mapreduce-client-core\2.5.1\hadoop-mapreduce-client-core-2.5.1.jar;E:\software\maven-repository\org\apache\hadoop\hadoop-yarn-common\2.5.1\hadoop-yarn-common-2.5.1.jar;E:\software\maven-repository\javax\xml\bind\jaxb-api\2.2.2\jaxb-api-2.2.2.jar;E:\software\maven-repository\javax\xml\stream\stax-api\1.0-2\stax-api-1.0-2.jar;E:\software\maven-repository\javax\activation\activation\1.1\activation-1.1.jar;E:\software\maven-repository\javax\servlet\servlet-api\2.5\servlet-api-2.5.jar;E:\software\maven-repository\com\google\inject\guice\3.0\guice-3.0.jar;E:\software\maven-repository\javax\inject\javax.inject\1\javax.inject-1.jar;E:\software\maven-repository\aopalliance\aopalliance\1.0\aopalliance-1.0.jar;E:\software\maven-repository\com\sun\jersey\contribs\jersey-guice\1.9\jersey-guice-1.9.jar;E:\software\maven-repository\com\google\inject\extensions\guice-servlet\3.0\guice-servlet-3.0.jar;E:\software\maven-repository\org\apache\hadoop\hadoop-hdfs\2.5.1\hadoop-hdfs-2.5.1.jar;E:\software\maven-repository\commons-daemon\commons-daemon\1.0.13\commons-daemon-1.0.13.jar;E:\software\maven-repository\org\apache\hbase\hbase-client\1.3.1\hbase-client-1.3.1.jar;E:\software\maven-repository\org\apache\hbase\hbase-annotations\1.3.1\hbase-annotations-1.3.1.jar;E:\software\maven-repository\org\jruby\jcodings\jcodings\1.0.8\jcodings-1.0.8.jar;E:\software\maven-repository\org\jruby\joni\joni\2.1.2\joni-2.1.2.jar;E:\software\java\jdk1.7.0_75\lib\tools.jar;"/>
    <property name="java.vm.vendor" value="Oracle Corporation"/>
    <property name="sun.cpu.endian" value="little"/>
    <property name="java.vm.specification.vendor" value="Oracle Corporation"/>
    <property name="java.specification.version" value="1.7"/>
    <property name="user.script" value=""/>
    <property name="awt.toolkit" value="sun.awt.windows.WToolkit"/>
    <property name="sun.java.command" value="C:\Users\Ming\AppData\Local\Temp\surefire6543194952960923646\surefirebooter2796505580337383792.jar C:\Users\Ming\AppData\Local\Temp\surefire6543194952960923646 2019-01-21T17-43-49_054-jvmRun1 surefire3706033204339285025tmp surefire_02792519878236685421tmp"/>
    <property name="user.timezone" value="Asia/Shanghai"/>
    <property name="surefire.test.class.path" value="F:\eclipse-workspace\Hbase\target\test-classes;F:\eclipse-workspace\Hbase\target\classes;E:\software\maven-repository\junit\junit\4.11\junit-4.11.jar;E:\software\maven-repository\org\hamcrest\hamcrest-core\1.3\hamcrest-core-1.3.jar;E:\software\maven-repository\org\apache\hbase\hbase-server\1.3.1\hbase-server-1.3.1.jar;E:\software\maven-repository\org\apache\hbase\hbase-common\1.3.1\hbase-common-1.3.1.jar;E:\software\maven-repository\com\github\stephenc\findbugs\findbugs-annotations\1.3.9-1\findbugs-annotations-1.3.9-1.jar;E:\software\maven-repository\org\apache\hbase\hbase-protocol\1.3.1\hbase-protocol-1.3.1.jar;E:\software\maven-repository\org\apache\hbase\hbase-procedure\1.3.1\hbase-procedure-1.3.1.jar;E:\software\maven-repository\org\apache\hbase\hbase-common\1.3.1\hbase-common-1.3.1-tests.jar;E:\software\maven-repository\org\apache\hbase\hbase-prefix-tree\1.3.1\hbase-prefix-tree-1.3.1.jar;E:\software\maven-repository\commons-httpclient\commons-httpclient\3.1\commons-httpclient-3.1.jar;E:\software\maven-repository\commons-codec\commons-codec\1.9\commons-codec-1.9.jar;E:\software\maven-repository\commons-collections\commons-collections\3.2.2\commons-collections-3.2.2.jar;E:\software\maven-repository\org\apache\hbase\hbase-hadoop-compat\1.3.1\hbase-hadoop-compat-1.3.1.jar;E:\software\maven-repository\org\apache\hbase\hbase-hadoop2-compat\1.3.1\hbase-hadoop2-compat-1.3.1.jar;E:\software\maven-repository\com\yammer\metrics\metrics-core\2.2.0\metrics-core-2.2.0.jar;E:\software\maven-repository\org\slf4j\slf4j-api\1.7.2\slf4j-api-1.7.2.jar;E:\software\maven-repository\com\google\guava\guava\12.0.1\guava-12.0.1.jar;E:\software\maven-repository\com\google\protobuf\protobuf-java\2.5.0\protobuf-java-2.5.0.jar;E:\software\maven-repository\com\sun\jersey\jersey-core\1.9\jersey-core-1.9.jar;E:\software\maven-repository\com\sun\jersey\jersey-server\1.9\jersey-server-1.9.jar;E:\software\maven-repository\asm\asm\3.1\asm-3.1.jar;E:\software\maven-repository\commons-cli\commons-cli\1.2\commons-cli-1.2.jar;E:\software\maven-repository\commons-io\commons-io\2.4\commons-io-2.4.jar;E:\software\maven-repository\commons-lang\commons-lang\2.6\commons-lang-2.6.jar;E:\software\maven-repository\commons-logging\commons-logging\1.2\commons-logging-1.2.jar;E:\software\maven-repository\org\apache\commons\commons-math\2.2\commons-math-2.2.jar;E:\software\maven-repository\log4j\log4j\1.2.17\log4j-1.2.17.jar;E:\software\maven-repository\org\apache\zookeeper\zookeeper\3.4.6\zookeeper-3.4.6.jar;E:\software\maven-repository\org\slf4j\slf4j-log4j12\1.6.1\slf4j-log4j12-1.6.1.jar;E:\software\maven-repository\org\mortbay\jetty\jetty\6.1.26\jetty-6.1.26.jar;E:\software\maven-repository\org\mortbay\jetty\jetty-util\6.1.26\jetty-util-6.1.26.jar;E:\software\maven-repository\org\mortbay\jetty\jetty-sslengine\6.1.26\jetty-sslengine-6.1.26.jar;E:\software\maven-repository\org\mortbay\jetty\jsp-2.1\6.1.14\jsp-2.1-6.1.14.jar;E:\software\maven-repository\org\mortbay\jetty\jsp-api-2.1\6.1.14\jsp-api-2.1-6.1.14.jar;E:\software\maven-repository\org\mortbay\jetty\servlet-api-2.5\6.1.14\servlet-api-2.5-6.1.14.jar;E:\software\maven-repository\org\codehaus\jackson\jackson-core-asl\1.9.13\jackson-core-asl-1.9.13.jar;E:\software\maven-repository\org\codehaus\jackson\jackson-mapper-asl\1.9.13\jackson-mapper-asl-1.9.13.jar;E:\software\maven-repository\org\codehaus\jackson\jackson-jaxrs\1.9.13\jackson-jaxrs-1.9.13.jar;E:\software\maven-repository\tomcat\jasper-compiler\5.5.23\jasper-compiler-5.5.23.jar;E:\software\maven-repository\tomcat\jasper-runtime\5.5.23\jasper-runtime-5.5.23.jar;E:\software\maven-repository\commons-el\commons-el\1.0\commons-el-1.0.jar;E:\software\maven-repository\org\jamon\jamon-runtime\2.4.1\jamon-runtime-2.4.1.jar;E:\software\maven-repository\io\netty\netty-all\4.0.23.Final\netty-all-4.0.23.Final.jar;E:\software\maven-repository\org\apache\htrace\htrace-core\3.1.0-incubating\htrace-core-3.1.0-incubating.jar;E:\software\maven-repository\com\lmax\disruptor\3.3.0\disruptor-3.3.0.jar;E:\software\maven-repository\org\apache\hadoop\hadoop-common\2.5.1\hadoop-common-2.5.1.jar;E:\software\maven-repository\org\apache\hadoop\hadoop-annotations\2.5.1\hadoop-annotations-2.5.1.jar;E:\software\maven-repository\org\apache\commons\commons-math3\3.1.1\commons-math3-3.1.1.jar;E:\software\maven-repository\xmlenc\xmlenc\0.52\xmlenc-0.52.jar;E:\software\maven-repository\commons-net\commons-net\3.1\commons-net-3.1.jar;E:\software\maven-repository\com\sun\jersey\jersey-json\1.9\jersey-json-1.9.jar;E:\software\maven-repository\org\codehaus\jettison\jettison\1.1\jettison-1.1.jar;E:\software\maven-repository\com\sun\xml\bind\jaxb-impl\2.2.3-1\jaxb-impl-2.2.3-1.jar;E:\software\maven-repository\org\codehaus\jackson\jackson-xc\1.8.3\jackson-xc-1.8.3.jar;E:\software\maven-repository\net\java\dev\jets3t\jets3t\0.9.0\jets3t-0.9.0.jar;E:\software\maven-repository\org\apache\httpcomponents\httpcore\4.1.2\httpcore-4.1.2.jar;E:\software\maven-repository\com\jamesmurty\utils\java-xmlbuilder\0.4\java-xmlbuilder-0.4.jar;E:\software\maven-repository\commons-configuration\commons-configuration\1.6\commons-configuration-1.6.jar;E:\software\maven-repository\commons-digester\commons-digester\1.8\commons-digester-1.8.jar;E:\software\maven-repository\commons-beanutils\commons-beanutils\1.7.0\commons-beanutils-1.7.0.jar;E:\software\maven-repository\commons-beanutils\commons-beanutils-core\1.8.0\commons-beanutils-core-1.8.0.jar;E:\software\maven-repository\org\apache\avro\avro\1.7.4\avro-1.7.4.jar;E:\software\maven-repository\com\thoughtworks\paranamer\paranamer\2.3\paranamer-2.3.jar;E:\software\maven-repository\org\xerial\snappy\snappy-java\1.0.4.1\snappy-java-1.0.4.1.jar;E:\software\maven-repository\com\jcraft\jsch\0.1.42\jsch-0.1.42.jar;E:\software\maven-repository\org\apache\commons\commons-compress\1.4.1\commons-compress-1.4.1.jar;E:\software\maven-repository\org\tukaani\xz\1.0\xz-1.0.jar;E:\software\maven-repository\org\apache\hadoop\hadoop-auth\2.5.1\hadoop-auth-2.5.1.jar;E:\software\maven-repository\org\apache\httpcomponents\httpclient\4.2.5\httpclient-4.2.5.jar;E:\software\maven-repository\org\apache\directory\server\apacheds-kerberos-codec\2.0.0-M15\apacheds-kerberos-codec-2.0.0-M15.jar;E:\software\maven-repository\org\apache\directory\server\apacheds-i18n\2.0.0-M15\apacheds-i18n-2.0.0-M15.jar;E:\software\maven-repository\org\apache\directory\api\api-asn1-api\1.0.0-M20\api-asn1-api-1.0.0-M20.jar;E:\software\maven-repository\org\apache\directory\api\api-util\1.0.0-M20\api-util-1.0.0-M20.jar;E:\software\maven-repository\org\apache\hadoop\hadoop-client\2.5.1\hadoop-client-2.5.1.jar;E:\software\maven-repository\org\apache\hadoop\hadoop-mapreduce-client-app\2.5.1\hadoop-mapreduce-client-app-2.5.1.jar;E:\software\maven-repository\org\apache\hadoop\hadoop-mapreduce-client-common\2.5.1\hadoop-mapreduce-client-common-2.5.1.jar;E:\software\maven-repository\org\apache\hadoop\hadoop-yarn-client\2.5.1\hadoop-yarn-client-2.5.1.jar;E:\software\maven-repository\com\sun\jersey\jersey-client\1.9\jersey-client-1.9.jar;E:\software\maven-repository\org\apache\hadoop\hadoop-yarn-server-common\2.5.1\hadoop-yarn-server-common-2.5.1.jar;E:\software\maven-repository\org\apache\hadoop\hadoop-mapreduce-client-shuffle\2.5.1\hadoop-mapreduce-client-shuffle-2.5.1.jar;E:\software\maven-repository\org\fusesource\leveldbjni\leveldbjni-all\1.8\leveldbjni-all-1.8.jar;E:\software\maven-repository\org\apache\hadoop\hadoop-yarn-api\2.5.1\hadoop-yarn-api-2.5.1.jar;E:\software\maven-repository\org\apache\hadoop\hadoop-mapreduce-client-jobclient\2.5.1\hadoop-mapreduce-client-jobclient-2.5.1.jar;E:\software\maven-repository\org\apache\hadoop\hadoop-mapreduce-client-core\2.5.1\hadoop-mapreduce-client-core-2.5.1.jar;E:\software\maven-repository\org\apache\hadoop\hadoop-yarn-common\2.5.1\hadoop-yarn-common-2.5.1.jar;E:\software\maven-repository\javax\xml\bind\jaxb-api\2.2.2\jaxb-api-2.2.2.jar;E:\software\maven-repository\javax\xml\stream\stax-api\1.0-2\stax-api-1.0-2.jar;E:\software\maven-repository\javax\activation\activation\1.1\activation-1.1.jar;E:\software\maven-repository\javax\servlet\servlet-api\2.5\servlet-api-2.5.jar;E:\software\maven-repository\com\google\inject\guice\3.0\guice-3.0.jar;E:\software\maven-repository\javax\inject\javax.inject\1\javax.inject-1.jar;E:\software\maven-repository\aopalliance\aopalliance\1.0\aopalliance-1.0.jar;E:\software\maven-repository\com\sun\jersey\contribs\jersey-guice\1.9\jersey-guice-1.9.jar;E:\software\maven-repository\com\google\inject\extensions\guice-servlet\3.0\guice-servlet-3.0.jar;E:\software\maven-repository\org\apache\hadoop\hadoop-hdfs\2.5.1\hadoop-hdfs-2.5.1.jar;E:\software\maven-repository\commons-daemon\commons-daemon\1.0.13\commons-daemon-1.0.13.jar;E:\software\maven-repository\org\apache\hbase\hbase-client\1.3.1\hbase-client-1.3.1.jar;E:\software\maven-repository\org\apache\hbase\hbase-annotations\1.3.1\hbase-annotations-1.3.1.jar;E:\software\maven-repository\org\jruby\jcodings\jcodings\1.0.8\jcodings-1.0.8.jar;E:\software\maven-repository\org\jruby\joni\joni\2.1.2\joni-2.1.2.jar;E:\software\java\jdk1.7.0_75\lib\tools.jar;"/>
    <property name="java.runtime.version" value="1.7.0_75-b13"/>
    <property name="java.vendor" value="Oracle Corporation"/>
    <property name="sun.management.compiler" value="HotSpot 64-Bit Tiered Compilers"/>
    <property name="sun.arch.data.model" value="64"/>
    <property name="os.arch" value="amd64"/>
    <property name="sun.io.unicode.encoding" value="UnicodeLittle"/>
    <property name="java.awt.printerjob" value="sun.awt.windows.WPrinterJob"/>
    <property name="path.separator" value=";"/>
    <property name="java.runtime.name" value="Java(TM) SE Runtime Environment"/>
    <property name="java.vendor.url" value="http://java.oracle.com/"/>
    <property name="sun.boot.class.path" value="E:\software\java\jre7\lib\resources.jar;E:\software\java\jre7\lib\rt.jar;E:\software\java\jre7\lib\sunrsasign.jar;E:\software\java\jre7\lib\jsse.jar;E:\software\java\jre7\lib\jce.jar;E:\software\java\jre7\lib\charsets.jar;E:\software\java\jre7\lib\jfr.jar;E:\software\java\jre7\classes"/>
    <property name="surefire.real.class.path" value="C:\Users\Ming\AppData\Local\Temp\surefire6543194952960923646\surefirebooter2796505580337383792.jar"/>
    <property name="java.endorsed.dirs" value="E:\software\java\jre7\lib\endorsed"/>
    <property name="sun.desktop" value="windows"/>
    <property name="java.vm.version" value="24.75-b04"/>
    <property name="os.name" value="Windows 8.1"/>
    <property name="java.vm.specification.version" value="1.7"/>
    <property name="sun.cpu.isalist" value="amd64"/>
    <property name="java.version" value="1.7.0_75"/>
    <property name="java.vm.specification.name" value="Java Virtual Machine Specification"/>
    <property name="java.ext.dirs" value="E:\software\java\jre7\lib\ext;C:\Windows\Sun\Java\lib\ext"/>
    <property name="os.version" value="6.3"/>
    <property name="basedir" value="F:\eclipse-workspace\Hbase"/>
    <property name="java.library.path" value="E:\software\java\jre7\bin;C:\Windows\Sun\Java\bin;C:\Windows\system32;C:\Windows;C:\Windows\system32;C:\Windows;C:\Windows\System32\Wbem;C:\Windows\System32\WindowsPowerShell\v1.0\;C:\Windows\System32\OpenSSH\;E:\Program Files\MATLAB\runtime\win64;E:\Program Files\MATLAB\bin;E:\Program Files\MATLAB\polyspace\bin;E:\software\Hadoop\hadoop-2.7.2\bin;E:\software\java\jdk1.7.0_75\bin;E:\software\java\jdk1.7.0_75\jre\bin;%MAVEN_HOME%\bin;E:\Program Files\Anaconda;E:\Program Files\Anaconda\Library\mingw-w64\bin;E:\Program Files\Anaconda\Library\usr\bin;E:\Program Files\Anaconda\Library\bin;E:\Program Files\Anaconda\Scripts;C:\Users\Ming\AppData\Local\Microsoft\WindowsApps;."/>
    <property name="java.awt.graphicsenv" value="sun.awt.Win32GraphicsEnvironment"/>
    <property name="java.vm.name" value="Java HotSpot(TM) 64-Bit Server VM"/>
    <property name="user.country" value="CN"/>
  </properties>
  <testcase name="shouldAnswerWithTrue" classname="cn.edu.sdut.Hbase.AppTest" time="0.004"/>
</testsuite>